<?xml version="1.0" encoding="UTF-8"?>
<testng-results ignored="0" total="2" passed="2" failed="0" skipped="0">
  <reporter-output>
  </reporter-output>
  <suite started-at="2023-08-28T17:26:39 IST" name="Suite" finished-at="2023-08-28T17:27:27 IST" duration-ms="47978">
    <groups>
    </groups>
    <test started-at="2023-08-28T17:26:39 IST" name="Test" finished-at="2023-08-28T17:27:27 IST" duration-ms="47978">
      <class name="com.tests.LoginPageTest">
        <test-method is-config="true" signature="setup()[pri:0, instance:com.tests.LoginPageTest@3270d194]" started-at="2023-08-28T17:26:39 IST" name="setup" finished-at="2023-08-28T17:26:55 IST" duration-ms="16224" status="PASS">
          <reporter-output>
          </reporter-output>
        </test-method> <!-- setup -->
        <test-method signature="loginTest()[pri:0, instance:com.tests.LoginPageTest@3270d194]" started-at="2023-08-28T17:26:55 IST" name="loginTest" finished-at="2023-08-28T17:26:57 IST" duration-ms="1897" status="PASS">
          <reporter-output>
          </reporter-output>
        </test-method> <!-- loginTest -->
      </class> <!-- com.tests.LoginPageTest -->
      <class name="com.tests.HomePageTest">
        <test-method is-config="true" signature="setup()[pri:0, instance:com.tests.HomePageTest@7b98f307]" started-at="2023-08-28T17:26:57 IST" name="setup" finished-at="2023-08-28T17:26:57 IST" duration-ms="7" status="PASS">
          <reporter-output>
          </reporter-output>
        </test-method> <!-- setup -->
        <test-method signature="homePageTest()[pri:0, instance:com.tests.HomePageTest@7b98f307]" started-at="2023-08-28T17:26:57 IST" name="homePageTest" finished-at="2023-08-28T17:27:19 IST" duration-ms="21774" status="PASS">
          <reporter-output>
          </reporter-output>
        </test-method> <!-- homePageTest -->
        <test-method is-config="true" signature="tearDown()[pri:0, instance:com.tests.HomePageTest@7b98f307]" started-at="2023-08-28T17:27:19 IST" name="tearDown" finished-at="2023-08-28T17:27:27 IST" duration-ms="7859" status="PASS">
          <reporter-output>
          </reporter-output>
        </test-method> <!-- tearDown -->
      </class> <!-- com.tests.HomePageTest -->
    </test> <!-- Test -->
  </suite> <!-- Suite -->
</testng-results>
